# JRE version: Java(TM) SE Runtime Environment (8.0_51-b16) (build 1.8.0_51-b16)
# Java VM: Java HotSpot(TM) Client VM (25.51-b03 mixed mode, sharing windows-x86 )
Heap:
 def new generation   total 8384K, used 2421K [0x03e00000, 0x04710000, 0x09350000)
  eden space 7488K,  32% used [0x03e00000, 0x0405d538, 0x04550000)
  from space 896K,   0% used [0x04550000, 0x04550000, 0x04630000)
  to   space 896K,   0% used [0x04630000, 0x04630000, 0x04710000)
 tenured generation   total 18508K, used 11104K [0x09350000, 0x0a563000, 0x13e00000)
   the space 18508K,  59% used [0x09350000, 0x09e282b8, 0x09e28400, 0x0a563000)
 Metaspace       used 5673K, capacity 5876K, committed 6016K, reserved 6528K
GC Heap History (10 events):
Event: 12.718 GC heap before
{Heap before GC invocations=11 (full 0):
 def new generation   total 4928K, used 4427K [0x03e00000, 0x04350000, 0x09350000)
  eden space 4416K, 100% used [0x03e00000, 0x04250000, 0x04250000)
  from space 512K,   2% used [0x042d0000, 0x042d2f28, 0x04350000)
  to   space 512K,   0% used [0x04250000, 0x04250000, 0x042d0000)
 tenured generation   total 10944K, used 7659K [0x09350000, 0x09e00000, 0x13e00000)
   the space 10944K,  69% used [0x09350000, 0x09acaf08, 0x09acb000, 0x09e00000)
 Metaspace       used 3307K, capacity 3485K, committed 3520K, reserved 4480K
Event: 12.718 GC heap after
Heap after GC invocations=12 (full 0):
 def new generation   total 4928K, used 7K [0x03e00000, 0x04350000, 0x09350000)
  eden space 4416K,   0% used [0x03e00000, 0x03e00000, 0x04250000)
  from space 512K,   1% used [0x04250000, 0x04251e18, 0x042d0000)
  to   space 512K,   0% used [0x042d0000, 0x042d0000, 0x04350000)
 tenured generation   total 10944K, used 7659K [0x09350000, 0x09e00000, 0x13e00000)
   the space 10944K,  69% used [0x09350000, 0x09acaf08, 0x09acb000, 0x09e00000)
 Metaspace       used 3307K, capacity 3485K, committed 3520K, reserved 4480K
}
Event: 13.109 GC heap before
{Heap before GC invocations=12 (full 0):
 def new generation   total 4928K, used 4423K [0x03e00000, 0x04350000, 0x09350000)
  eden space 4416K, 100% used [0x03e00000, 0x04250000, 0x04250000)
  from space 512K,   1% used [0x04250000, 0x04251e18, 0x042d0000)
  to   space 512K,   0% used [0x042d0000, 0x042d0000, 0x04350000)
 tenured generation   total 10944K, used 7659K [0x09350000, 0x09e00000, 0x13e00000)
   the space 10944K,  69% used [0x09350000, 0x09acaf08, 0x09acb000, 0x09e00000)
 Metaspace       used 4106K, capacity 4297K, committed 4416K, reserved 4480K
Event: 13.111 GC heap after
Heap after GC invocations=13 (full 0):
 def new generation   total 4928K, used 264K [0x03e00000, 0x04350000, 0x09350000)
  eden space 4416K,   0% used [0x03e00000, 0x03e00000, 0x04250000)
  from space 512K,  51% used [0x042d0000, 0x043122a8, 0x04350000)
  to   space 512K,   0% used [0x04250000, 0x04250000, 0x042d0000)
 tenured generation   total 10944K, used 7659K [0x09350000, 0x09e00000, 0x13e00000)
   the space 10944K,  69% used [0x09350000, 0x09acaf08, 0x09acb000, 0x09e00000)
 Metaspace       used 4106K, capacity 4297K, committed 4416K, reserved 4480K
}
Event: 13.501 GC heap before
{Heap before GC invocations=13 (full 0):
 def new generation   total 4928K, used 4680K [0x03e00000, 0x04350000, 0x09350000)
  eden space 4416K, 100% used [0x03e00000, 0x04250000, 0x04250000)
  from space 512K,  51% used [0x042d0000, 0x043122a8, 0x04350000)
  to   space 512K,   0% used [0x04250000, 0x04250000, 0x042d0000)
 tenured generation   total 10944K, used 7659K [0x09350000, 0x09e00000, 0x13e00000)
   the space 10944K,  69% used [0x09350000, 0x09acaf08, 0x09acb000, 0x09e00000)
 Metaspace       used 4657K, capacity 4841K, committed 4864K, reserved 5504K
Event: 13.508 GC heap after
Heap after GC invocations=14 (full 0):
 def new generation   total 4928K, used 512K [0x03e00000, 0x04350000, 0x09350000)
  eden space 4416K,   0% used [0x03e00000, 0x03e00000, 0x04250000)
  from space 512K, 100% used [0x04250000, 0x042d0000, 0x042d0000)
  to   space 512K,   0% used [0x042d0000, 0x042d0000, 0x04350000)
 tenured generation   total 10944K, used 9347K [0x09350000, 0x09e00000, 0x13e00000)
   the space 10944K,  85% used [0x09350000, 0x09c70ef8, 0x09c71000, 0x09e00000)
 Metaspace       used 4657K, capacity 4841K, committed 4864K, reserved 5504K
}
Event: 14.362 GC heap before
{Heap before GC invocations=14 (full 0):
 def new generation   total 4928K, used 4337K [0x03e00000, 0x04350000, 0x09350000)
  eden space 4416K,  86% used [0x03e00000, 0x041bc650, 0x04250000)
  from space 512K, 100% used [0x04250000, 0x042d0000, 0x042d0000)
  to   space 512K,   0% used [0x042d0000, 0x042d0000, 0x04350000)
 tenured generation   total 10944K, used 9347K [0x09350000, 0x09e00000, 0x13e00000)
   the space 10944K,  85% used [0x09350000, 0x09c70ef8, 0x09c71000, 0x09e00000)
 Metaspace       used 5432K, capacity 5626K, committed 5760K, reserved 6528K
Event: 14.367 GC heap after
Heap after GC invocations=15 (full 0):
 def new generation   total 4928K, used 512K [0x03e00000, 0x04350000, 0x09350000)
  eden space 4416K,   0% used [0x03e00000, 0x03e00000, 0x04250000)
  from space 512K, 100% used [0x042d0000, 0x04350000, 0x04350000)
  to   space 512K,   0% used [0x04250000, 0x04250000, 0x042d0000)
 tenured generation   total 10944K, used 10300K [0x09350000, 0x09e00000, 0x13e00000)
   the space 10944K,  94% used [0x09350000, 0x09d5f088, 0x09d5f200, 0x09e00000)
 Metaspace       used 5432K, capacity 5626K, committed 5760K, reserved 6528K
}
Event: 26.701 GC heap before
{Heap before GC invocations=15 (full 0):
 def new generation   total 4928K, used 4928K [0x03e00000, 0x04350000, 0x09350000)
  eden space 4416K, 100% used [0x03e00000, 0x04250000, 0x04250000)
  from space 512K, 100% used [0x042d0000, 0x04350000, 0x04350000)
  to   space 512K,   0% used [0x04250000, 0x04250000, 0x042d0000)
 tenured generation   total 10944K, used 10300K [0x09350000, 0x09e00000, 0x13e00000)
   the space 10944K,  94% used [0x09350000, 0x09d5f088, 0x09d5f200, 0x09e00000)
 Metaspace       used 5635K, capacity 5824K, committed 5888K, reserved 6528K
Event: 26.730 GC heap after
Heap after GC invocations=16 (full 1):
 def new generation   total 8384K, used 0K [0x03e00000, 0x04710000, 0x09350000)
  eden space 7488K,   0% used [0x03e00000, 0x03e00000, 0x04550000)
  from space 896K,   0% used [0x04550000, 0x04550000, 0x04630000)
  to   space 896K,   0% used [0x04630000, 0x04630000, 0x04710000)
 tenured generation   total 18508K, used 11104K [0x09350000, 0x0a563000, 0x13e00000)
   the space 18508K,  59% used [0x09350000, 0x09e282b8, 0x09e28400, 0x0a563000)
 Metaspace       used 5620K, capacity 5797K, committed 5888K, reserved 6528K
}

